Jan 28, 2021 12:52:39 PM org.eclipse.birt.chart.device.swt.SwtDisplayServer <init>
INFO: SWT Display Server: win32 v4,763
Jan 28, 2021 12:53:51 PM org.eclipse.birt.chart.device.swt.SwtDisplayServer <init>
INFO: SWT Display Server: win32 v4,763
Jan 28, 2021 12:53:52 PM org.eclipse.birt.chart.device.swt.SwtDisplayServer <init>
INFO: SWT Display Server: win32 v4,763
Jan 28, 2021 12:53:52 PM org.eclipse.birt.chart.device.swt.R31Enhance <clinit>
INFO: Advanced SWT graphics functions enabled.
Jan 28, 2021 12:53:52 PM org.eclipse.birt.chart.device.swt.SwtRendererImpl setProperty
INFO: Using graphics context org.eclipse.swt.graphics.GC@GC {335615185}
Jan 28, 2021 12:53:52 PM org.eclipse.birt.chart.render.EmptyWithoutAxes renderSeries
INFO: org.eclipse.birt.chart.render.EmptyWithoutAxes: renderSeries() [1/2]
Jan 28, 2021 12:53:52 PM org.eclipse.birt.chart.extension.render.Pie renderSeries
INFO: {0}: renderSeries() [{1}/{2}]org.eclipse.birt.chart.extension.render.Pie22
Jan 28, 2021 12:53:52 PM org.eclipse.birt.chart.device.swt.SwtRendererImpl enableInteraction
INFO: Cannot enable interaction if an IUpdateNotifier is not associated with the renderer.
Jan 28, 2021 12:53:52 PM org.eclipse.birt.chart.device.swt.SwtRendererImpl enableInteraction
INFO: Cannot enable interaction if an IUpdateNotifier is not associated with the renderer.
Jan 28, 2021 12:57:14 PM org.eclipse.birt.chart.device.swt.SwtDisplayServer <init>
INFO: SWT Display Server: win32 v4,763
Jan 28, 2021 12:57:14 PM org.eclipse.birt.chart.device.swt.SwtDisplayServer <init>
INFO: SWT Display Server: win32 v4,763
Jan 28, 2021 12:57:14 PM org.eclipse.birt.chart.device.swt.SwtRendererImpl setProperty
INFO: Using graphics context org.eclipse.swt.graphics.GC@GC {1459688481}
Jan 28, 2021 12:57:14 PM org.eclipse.birt.chart.render.EmptyWithoutAxes renderSeries
INFO: org.eclipse.birt.chart.render.EmptyWithoutAxes: renderSeries() [1/2]
Jan 28, 2021 12:57:14 PM org.eclipse.birt.chart.extension.render.Pie renderSeries
INFO: {0}: renderSeries() [{1}/{2}]org.eclipse.birt.chart.extension.render.Pie22
Jan 28, 2021 12:57:14 PM org.eclipse.birt.chart.device.swt.SwtRendererImpl enableInteraction
INFO: Cannot enable interaction if an IUpdateNotifier is not associated with the renderer.
Jan 28, 2021 12:57:14 PM org.eclipse.birt.chart.device.swt.SwtRendererImpl enableInteraction
INFO: Cannot enable interaction if an IUpdateNotifier is not associated with the renderer.
Jan 28, 2021 12:57:24 PM org.eclipse.birt.chart.device.swt.SwtDisplayServer <init>
INFO: SWT Display Server: win32 v4,763
Jan 28, 2021 12:57:24 PM org.eclipse.birt.chart.device.swt.SwtRendererImpl setProperty
INFO: Using graphics context org.eclipse.swt.graphics.GC@GC {2030111634}
Jan 28, 2021 12:57:24 PM org.eclipse.birt.chart.render.EmptyWithoutAxes renderSeries
INFO: org.eclipse.birt.chart.render.EmptyWithoutAxes: renderSeries() [1/2]
Jan 28, 2021 12:57:24 PM org.eclipse.birt.chart.extension.render.Pie renderSeries
INFO: {0}: renderSeries() [{1}/{2}]org.eclipse.birt.chart.extension.render.Pie22
Jan 28, 2021 12:57:24 PM org.eclipse.birt.chart.device.swt.SwtRendererImpl enableInteraction
INFO: Cannot enable interaction if an IUpdateNotifier is not associated with the renderer.
Jan 28, 2021 12:57:24 PM org.eclipse.birt.chart.device.swt.SwtRendererImpl enableInteraction
INFO: Cannot enable interaction if an IUpdateNotifier is not associated with the renderer.
Jan 28, 2021 1:02:53 PM org.eclipse.birt.chart.device.swt.SwtDisplayServer <init>
INFO: SWT Display Server: win32 v4,763
Jan 28, 2021 1:02:53 PM org.eclipse.birt.chart.device.swt.SwtDisplayServer <init>
INFO: SWT Display Server: win32 v4,763
Jan 28, 2021 1:02:53 PM org.eclipse.birt.chart.device.swt.SwtRendererImpl setProperty
INFO: Using graphics context org.eclipse.swt.graphics.GC@GC {-1425994957}
Jan 28, 2021 1:02:53 PM org.eclipse.birt.chart.render.EmptyWithoutAxes renderSeries
INFO: org.eclipse.birt.chart.render.EmptyWithoutAxes: renderSeries() [1/2]
Jan 28, 2021 1:02:53 PM org.eclipse.birt.chart.extension.render.Pie renderSeries
INFO: {0}: renderSeries() [{1}/{2}]org.eclipse.birt.chart.extension.render.Pie22
Jan 28, 2021 1:02:53 PM org.eclipse.birt.chart.device.swt.SwtRendererImpl enableInteraction
INFO: Cannot enable interaction if an IUpdateNotifier is not associated with the renderer.
