Jan 12, 2021 11:19:39 AM org.eclipse.birt.chart.device.swt.SwtDisplayServer <init>
INFO: SWT Display Server: win32 v4,763
Jan 12, 2021 11:19:39 AM org.eclipse.birt.chart.device.swt.SwtDisplayServer <init>
INFO: SWT Display Server: win32 v4,763
Jan 12, 2021 11:19:39 AM org.eclipse.birt.chart.device.swt.R31Enhance <clinit>
INFO: Advanced SWT graphics functions enabled.
Jan 12, 2021 11:19:39 AM org.eclipse.birt.chart.device.swt.SwtRendererImpl setProperty
INFO: Using graphics context org.eclipse.swt.graphics.GC@GC {872488540}
Jan 12, 2021 11:19:40 AM org.eclipse.birt.chart.render.EmptyWithoutAxes renderSeries
INFO: org.eclipse.birt.chart.render.EmptyWithoutAxes: renderSeries() [1/2]
Jan 12, 2021 11:19:40 AM org.eclipse.birt.chart.extension.render.Pie renderSeries
INFO: {0}: renderSeries() [{1}/{2}]org.eclipse.birt.chart.extension.render.Pie22
Jan 12, 2021 11:19:40 AM org.eclipse.birt.chart.device.swt.SwtRendererImpl enableInteraction
INFO: Cannot enable interaction if an IUpdateNotifier is not associated with the renderer.
Jan 12, 2021 11:20:19 AM org.eclipse.birt.chart.device.swt.SwtDisplayServer <init>
INFO: SWT Display Server: win32 v4,763
Jan 12, 2021 11:20:19 AM org.eclipse.birt.chart.device.swt.SwtDisplayServer <init>
INFO: SWT Display Server: win32 v4,763
Jan 12, 2021 11:20:19 AM org.eclipse.birt.chart.device.swt.SwtRendererImpl setProperty
INFO: Using graphics context org.eclipse.swt.graphics.GC@GC {1694567745}
Jan 12, 2021 11:20:19 AM org.eclipse.birt.chart.render.EmptyWithoutAxes renderSeries
INFO: org.eclipse.birt.chart.render.EmptyWithoutAxes: renderSeries() [1/2]
Jan 12, 2021 11:20:19 AM org.eclipse.birt.chart.extension.render.Pie renderSeries
INFO: {0}: renderSeries() [{1}/{2}]org.eclipse.birt.chart.extension.render.Pie22
Jan 12, 2021 11:20:19 AM org.eclipse.birt.chart.device.swt.SwtRendererImpl enableInteraction
INFO: Cannot enable interaction if an IUpdateNotifier is not associated with the renderer.
Jan 12, 2021 11:22:40 AM org.eclipse.birt.chart.device.swt.SwtDisplayServer <init>
INFO: SWT Display Server: win32 v4,763
Jan 12, 2021 11:22:40 AM org.eclipse.birt.chart.device.swt.SwtDisplayServer <init>
INFO: SWT Display Server: win32 v4,763
Jan 12, 2021 11:22:40 AM org.eclipse.birt.chart.device.swt.SwtRendererImpl setProperty
INFO: Using graphics context org.eclipse.swt.graphics.GC@GC {2114001372}
Jan 12, 2021 11:22:40 AM org.eclipse.birt.chart.render.EmptyWithoutAxes renderSeries
INFO: org.eclipse.birt.chart.render.EmptyWithoutAxes: renderSeries() [1/2]
Jan 12, 2021 11:22:40 AM org.eclipse.birt.chart.extension.render.Pie renderSeries
INFO: {0}: renderSeries() [{1}/{2}]org.eclipse.birt.chart.extension.render.Pie22
Jan 12, 2021 11:22:40 AM org.eclipse.birt.chart.device.swt.SwtRendererImpl enableInteraction
INFO: Cannot enable interaction if an IUpdateNotifier is not associated with the renderer.
Jan 12, 2021 11:22:40 AM org.eclipse.birt.chart.device.swt.SwtRendererImpl enableInteraction
INFO: Cannot enable interaction if an IUpdateNotifier is not associated with the renderer.
